# JRE version: OpenJDK Runtime Environment (8.0_72-b15) (build 1.8.0_72-b15)
# Java VM: OpenJDK 64-Bit Server VM (25.72-b15 mixed mode linux-amd64 compressed oops)
Heap:
 PSYoungGen      total 116736K, used 24054K [0x00000000f5580000, 0x0000000100000000, 0x0000000100000000)
  eden space 58880K, 40% used [0x00000000f5580000,0x00000000f6cfd978,0x00000000f8f00000)
  from space 57856K, 0% used [0x00000000fc780000,0x00000000fc780000,0x0000000100000000)
  to   space 57856K, 0% used [0x00000000f8f00000,0x00000000f8f00000,0x00000000fc780000)
 ParOldGen       total 133120K, used 76196K [0x00000000e0000000, 0x00000000e8200000, 0x00000000f5580000)
  object space 133120K, 57% used [0x00000000e0000000,0x00000000e4a69110,0x00000000e8200000)
 Metaspace       used 77673K, capacity 87402K, committed 87552K, reserved 1124352K
  class space    used 8906K, capacity 11773K, committed 11776K, reserved 1048576K
GC Heap History (10 events):
Event: 51.248 GC heap before
{Heap before GC invocations=48 (full 6):
 PSYoungGen      total 116736K, used 58880K [0x00000000f5580000, 0x0000000100000000, 0x0000000100000000)
  eden space 58880K, 100% used [0x00000000f5580000,0x00000000f8f00000,0x00000000f8f00000)
  from space 57856K, 0% used [0x00000000f8f00000,0x00000000f8f00000,0x00000000fc780000)
  to   space 57856K, 0% used [0x00000000fc780000,0x00000000fc780000,0x0000000100000000)
 ParOldGen       total 133120K, used 67261K [0x00000000e0000000, 0x00000000e8200000, 0x00000000f5580000)
  object space 133120K, 50% used [0x00000000e0000000,0x00000000e41af668,0x00000000e8200000)
 Metaspace       used 77453K, capacity 87144K, committed 87296K, reserved 1124352K
  class space    used 8886K, capacity 11771K, committed 11776K, reserved 1048576K
Event: 51.261 GC heap after
Heap after GC invocations=48 (full 6):
 PSYoungGen      total 116736K, used 7787K [0x00000000f5580000, 0x0000000100000000, 0x0000000100000000)
  eden space 58880K, 0% used [0x00000000f5580000,0x00000000f5580000,0x00000000f8f00000)
  from space 57856K, 13% used [0x00000000fc780000,0x00000000fcf1aeb0,0x0000000100000000)
  to   space 57856K, 0% used [0x00000000f8f00000,0x00000000f8f00000,0x00000000fc780000)
 ParOldGen       total 133120K, used 67261K [0x00000000e0000000, 0x00000000e8200000, 0x00000000f5580000)
  object space 133120K, 50% used [0x00000000e0000000,0x00000000e41af668,0x00000000e8200000)
 Metaspace       used 77453K, capacity 87144K, committed 87296K, reserved 1124352K
  class space    used 8886K, capacity 11771K, committed 11776K, reserved 1048576K
}
Event: 51.530 GC heap before
{Heap before GC invocations=49 (full 6):
 PSYoungGen      total 116736K, used 40746K [0x00000000f5580000, 0x0000000100000000, 0x0000000100000000)
  eden space 58880K, 55% used [0x00000000f5580000,0x00000000f75afb30,0x00000000f8f00000)
  from space 57856K, 13% used [0x00000000fc780000,0x00000000fcf1aeb0,0x0000000100000000)
  to   space 57856K, 0% used [0x00000000f8f00000,0x00000000f8f00000,0x00000000fc780000)
 ParOldGen       total 133120K, used 67261K [0x00000000e0000000, 0x00000000e8200000, 0x00000000f5580000)
  object space 133120K, 50% used [0x00000000e0000000,0x00000000e41af668,0x00000000e8200000)
 Metaspace       used 77454K, capacity 87144K, committed 87296K, reserved 1124352K
  class space    used 8886K, capacity 11771K, committed 11776K, reserved 1048576K
Event: 51.541 GC heap after
Heap after GC invocations=49 (full 6):
 PSYoungGen      total 116736K, used 3300K [0x00000000f5580000, 0x0000000100000000, 0x0000000100000000)
  eden space 58880K, 0% used [0x00000000f5580000,0x00000000f5580000,0x00000000f8f00000)
  from space 57856K, 5% used [0x00000000f8f00000,0x00000000f9239260,0x00000000fc780000)
  to   space 57856K, 0% used [0x00000000fc780000,0x00000000fc780000,0x0000000100000000)
 ParOldGen       total 133120K, used 67261K [0x00000000e0000000, 0x00000000e8200000, 0x00000000f5580000)
  object space 133120K, 50% used [0x00000000e0000000,0x00000000e41af668,0x00000000e8200000)
 Metaspace       used 77454K, capacity 87144K, committed 87296K, reserved 1124352K
  class space    used 8886K, capacity 11771K, committed 11776K, reserved 1048576K
}
Event: 51.541 GC heap before
{Heap before GC invocations=50 (full 7):
 PSYoungGen      total 116736K, used 3300K [0x00000000f5580000, 0x0000000100000000, 0x0000000100000000)
  eden space 58880K, 0% used [0x00000000f5580000,0x00000000f5580000,0x00000000f8f00000)
  from space 57856K, 5% used [0x00000000f8f00000,0x00000000f9239260,0x00000000fc780000)
  to   space 57856K, 0% used [0x00000000fc780000,0x00000000fc780000,0x0000000100000000)
 ParOldGen       total 133120K, used 67261K [0x00000000e0000000, 0x00000000e8200000, 0x00000000f5580000)
  object space 133120K, 50% used [0x00000000e0000000,0x00000000e41af668,0x00000000e8200000)
 Metaspace       used 77454K, capacity 87144K, committed 87296K, reserved 1124352K
  class space    used 8886K, capacity 11771K, committed 11776K, reserved 1048576K
Event: 52.063 GC heap after
Heap after GC invocations=50 (full 7):
 PSYoungGen      total 116736K, used 0K [0x00000000f5580000, 0x0000000100000000, 0x0000000100000000)
  eden space 58880K, 0% used [0x00000000f5580000,0x00000000f5580000,0x00000000f8f00000)
  from space 57856K, 0% used [0x00000000f8f00000,0x00000000f8f00000,0x00000000fc780000)
  to   space 57856K, 0% used [0x00000000fc780000,0x00000000fc780000,0x0000000100000000)
 ParOldGen       total 133120K, used 70141K [0x00000000e0000000, 0x00000000e8200000, 0x00000000f5580000)
  object space 133120K, 52% used [0x00000000e0000000,0x00000000e447f7d8,0x00000000e8200000)
 Metaspace       used 77454K, capacity 87144K, committed 87296K, reserved 1124352K
  class space    used 8886K, capacity 11771K, committed 11776K, reserved 1048576K
}
Event: 52.357 GC heap before
{Heap before GC invocations=51 (full 7):
 PSYoungGen      total 116736K, used 38948K [0x00000000f5580000, 0x0000000100000000, 0x0000000100000000)
  eden space 58880K, 66% used [0x00000000f5580000,0x00000000f7b89180,0x00000000f8f00000)
  from space 57856K, 0% used [0x00000000f8f00000,0x00000000f8f00000,0x00000000fc780000)
  to   space 57856K, 0% used [0x00000000fc780000,0x00000000fc780000,0x0000000100000000)
 ParOldGen       total 133120K, used 70141K [0x00000000e0000000, 0x00000000e8200000, 0x00000000f5580000)
  object space 133120K, 52% used [0x00000000e0000000,0x00000000e447f7d8,0x00000000e8200000)
 Metaspace       used 77456K, capacity 87144K, committed 87296K, reserved 1124352K
  class space    used 8886K, capacity 11771K, committed 11776K, reserved 1048576K
Event: 52.371 GC heap after
Heap after GC invocations=51 (full 7):
 PSYoungGen      total 116736K, used 9483K [0x00000000f5580000, 0x0000000100000000, 0x0000000100000000)
  eden space 58880K, 0% used [0x00000000f5580000,0x00000000f5580000,0x00000000f8f00000)
  from space 57856K, 16% used [0x00000000fc780000,0x00000000fd0c2e30,0x0000000100000000)
  to   space 57856K, 0% used [0x00000000f8f00000,0x00000000f8f00000,0x00000000fc780000)
 ParOldGen       total 133120K, used 70141K [0x00000000e0000000, 0x00000000e8200000, 0x00000000f5580000)
  object space 133120K, 52% used [0x00000000e0000000,0x00000000e447f7d8,0x00000000e8200000)
 Metaspace       used 77456K, capacity 87144K, committed 87296K, reserved 1124352K
  class space    used 8886K, capacity 11771K, committed 11776K, reserved 1048576K
}
Event: 52.371 GC heap before
{Heap before GC invocations=52 (full 8):
 PSYoungGen      total 116736K, used 9483K [0x00000000f5580000, 0x0000000100000000, 0x0000000100000000)
  eden space 58880K, 0% used [0x00000000f5580000,0x00000000f5580000,0x00000000f8f00000)
  from space 57856K, 16% used [0x00000000fc780000,0x00000000fd0c2e30,0x0000000100000000)
  to   space 57856K, 0% used [0x00000000f8f00000,0x00000000f8f00000,0x00000000fc780000)
 ParOldGen       total 133120K, used 70141K [0x00000000e0000000, 0x00000000e8200000, 0x00000000f5580000)
  object space 133120K, 52% used [0x00000000e0000000,0x00000000e447f7d8,0x00000000e8200000)
 Metaspace       used 77456K, capacity 87144K, committed 87296K, reserved 1124352K
  class space    used 8886K, capacity 11771K, committed 11776K, reserved 1048576K
Event: 52.581 GC heap after
Heap after GC invocations=52 (full 8):
 PSYoungGen      total 116736K, used 0K [0x00000000f5580000, 0x0000000100000000, 0x0000000100000000)
  eden space 58880K, 0% used [0x00000000f5580000,0x00000000f5580000,0x00000000f8f00000)
  from space 57856K, 0% used [0x00000000fc780000,0x00000000fc780000,0x0000000100000000)
  to   space 57856K, 0% used [0x00000000f8f00000,0x00000000f8f00000,0x00000000fc780000)
 ParOldGen       total 133120K, used 76196K [0x00000000e0000000, 0x00000000e8200000, 0x00000000f5580000)
  object space 133120K, 57% used [0x00000000e0000000,0x00000000e4a69110,0x00000000e8200000)
 Metaspace       used 77456K, capacity 87144K, committed 87296K, reserved 1124352K
  class space    used 8886K, capacity 11771K, committed 11776K, reserved 1048576K
}

