# JRE version: OpenJDK Runtime Environment (8.0_72-b15) (build 1.8.0_72-b15)
# Java VM: OpenJDK 64-Bit Server VM (25.72-b15 mixed mode linux-amd64 compressed oops)
Heap:
 PSYoungGen      total 116736K, used 39033K [0x00000000f5580000, 0x0000000100000000, 0x0000000100000000)
  eden space 58880K, 66% used [0x00000000f5580000,0x00000000f7b9e680,0x00000000f8f00000)
  from space 57856K, 0% used [0x00000000fc780000,0x00000000fc780000,0x0000000100000000)
  to   space 57856K, 0% used [0x00000000f8f00000,0x00000000f8f00000,0x00000000fc780000)
 ParOldGen       total 142336K, used 72583K [0x00000000e0000000, 0x00000000e8b00000, 0x00000000f5580000)
  object space 142336K, 50% used [0x00000000e0000000,0x00000000e46e1d40,0x00000000e8b00000)
 Metaspace       used 77100K, capacity 86564K, committed 86656K, reserved 1124352K
  class space    used 8807K, capacity 11601K, committed 11648K, reserved 1048576K
GC Heap History (10 events):
Event: 52.943 GC heap before
{Heap before GC invocations=46 (full 6):
 PSYoungGen      total 116736K, used 58880K [0x00000000f5580000, 0x0000000100000000, 0x0000000100000000)
  eden space 58880K, 100% used [0x00000000f5580000,0x00000000f8f00000,0x00000000f8f00000)
  from space 57856K, 0% used [0x00000000f8f00000,0x00000000f8f00000,0x00000000fc780000)
  to   space 57856K, 0% used [0x00000000fc780000,0x00000000fc780000,0x0000000100000000)
 ParOldGen       total 142336K, used 63647K [0x00000000e0000000, 0x00000000e8b00000, 0x00000000f5580000)
  object space 142336K, 44% used [0x00000000e0000000,0x00000000e3e27fe0,0x00000000e8b00000)
 Metaspace       used 76302K, capacity 85804K, committed 86144K, reserved 1124352K
  class space    used 8751K, capacity 11559K, committed 11648K, reserved 1048576K
Event: 52.952 GC heap after
Heap after GC invocations=46 (full 6):
 PSYoungGen      total 116736K, used 7806K [0x00000000f5580000, 0x0000000100000000, 0x0000000100000000)
  eden space 58880K, 0% used [0x00000000f5580000,0x00000000f5580000,0x00000000f8f00000)
  from space 57856K, 13% used [0x00000000fc780000,0x00000000fcf1f9c0,0x0000000100000000)
  to   space 57856K, 0% used [0x00000000f8f00000,0x00000000f8f00000,0x00000000fc780000)
 ParOldGen       total 142336K, used 63647K [0x00000000e0000000, 0x00000000e8b00000, 0x00000000f5580000)
  object space 142336K, 44% used [0x00000000e0000000,0x00000000e3e27fe0,0x00000000e8b00000)
 Metaspace       used 76302K, capacity 85804K, committed 86144K, reserved 1124352K
  class space    used 8751K, capacity 11559K, committed 11648K, reserved 1048576K
}
Event: 53.192 GC heap before
{Heap before GC invocations=47 (full 6):
 PSYoungGen      total 116736K, used 40690K [0x00000000f5580000, 0x0000000100000000, 0x0000000100000000)
  eden space 58880K, 55% used [0x00000000f5580000,0x00000000f759cfe8,0x00000000f8f00000)
  from space 57856K, 13% used [0x00000000fc780000,0x00000000fcf1f9c0,0x0000000100000000)
  to   space 57856K, 0% used [0x00000000f8f00000,0x00000000f8f00000,0x00000000fc780000)
 ParOldGen       total 142336K, used 63647K [0x00000000e0000000, 0x00000000e8b00000, 0x00000000f5580000)
  object space 142336K, 44% used [0x00000000e0000000,0x00000000e3e27fe0,0x00000000e8b00000)
 Metaspace       used 76304K, capacity 85804K, committed 86144K, reserved 1124352K
  class space    used 8751K, capacity 11559K, committed 11648K, reserved 1048576K
Event: 53.219 GC heap after
Heap after GC invocations=47 (full 6):
 PSYoungGen      total 116736K, used 3255K [0x00000000f5580000, 0x0000000100000000, 0x0000000100000000)
  eden space 58880K, 0% used [0x00000000f5580000,0x00000000f5580000,0x00000000f8f00000)
  from space 57856K, 5% used [0x00000000f8f00000,0x00000000f922df80,0x00000000fc780000)
  to   space 57856K, 0% used [0x00000000fc780000,0x00000000fc780000,0x0000000100000000)
 ParOldGen       total 142336K, used 63647K [0x00000000e0000000, 0x00000000e8b00000, 0x00000000f5580000)
  object space 142336K, 44% used [0x00000000e0000000,0x00000000e3e27fe0,0x00000000e8b00000)
 Metaspace       used 76304K, capacity 85804K, committed 86144K, reserved 1124352K
  class space    used 8751K, capacity 11559K, committed 11648K, reserved 1048576K
}
Event: 53.219 GC heap before
{Heap before GC invocations=48 (full 7):
 PSYoungGen      total 116736K, used 3255K [0x00000000f5580000, 0x0000000100000000, 0x0000000100000000)
  eden space 58880K, 0% used [0x00000000f5580000,0x00000000f5580000,0x00000000f8f00000)
  from space 57856K, 5% used [0x00000000f8f00000,0x00000000f922df80,0x00000000fc780000)
  to   space 57856K, 0% used [0x00000000fc780000,0x00000000fc780000,0x0000000100000000)
 ParOldGen       total 142336K, used 63647K [0x00000000e0000000, 0x00000000e8b00000, 0x00000000f5580000)
  object space 142336K, 44% used [0x00000000e0000000,0x00000000e3e27fe0,0x00000000e8b00000)
 Metaspace       used 76304K, capacity 85804K, committed 86144K, reserved 1124352K
  class space    used 8751K, capacity 11559K, committed 11648K, reserved 1048576K
Event: 53.936 GC heap after
Heap after GC invocations=48 (full 7):
 PSYoungGen      total 116736K, used 0K [0x00000000f5580000, 0x0000000100000000, 0x0000000100000000)
  eden space 58880K, 0% used [0x00000000f5580000,0x00000000f5580000,0x00000000f8f00000)
  from space 57856K, 0% used [0x00000000f8f00000,0x00000000f8f00000,0x00000000fc780000)
  to   space 57856K, 0% used [0x00000000fc780000,0x00000000fc780000,0x0000000100000000)
 ParOldGen       total 142336K, used 66539K [0x00000000e0000000, 0x00000000e8b00000, 0x00000000f5580000)
  object space 142336K, 46% used [0x00000000e0000000,0x00000000e40fafd0,0x00000000e8b00000)
 Metaspace       used 76304K, capacity 85804K, committed 86144K, reserved 1124352K
  class space    used 8751K, capacity 11559K, committed 11648K, reserved 1048576K
}
Event: 54.298 GC heap before
{Heap before GC invocations=49 (full 7):
 PSYoungGen      total 116736K, used 38874K [0x00000000f5580000, 0x0000000100000000, 0x0000000100000000)
  eden space 58880K, 66% used [0x00000000f5580000,0x00000000f7b76be0,0x00000000f8f00000)
  from space 57856K, 0% used [0x00000000f8f00000,0x00000000f8f00000,0x00000000fc780000)
  to   space 57856K, 0% used [0x00000000fc780000,0x00000000fc780000,0x0000000100000000)
 ParOldGen       total 142336K, used 66539K [0x00000000e0000000, 0x00000000e8b00000, 0x00000000f5580000)
  object space 142336K, 46% used [0x00000000e0000000,0x00000000e40fafd0,0x00000000e8b00000)
 Metaspace       used 76304K, capacity 85804K, committed 86144K, reserved 1124352K
  class space    used 8751K, capacity 11559K, committed 11648K, reserved 1048576K
Event: 54.309 GC heap after
Heap after GC invocations=49 (full 7):
 PSYoungGen      total 116736K, used 9514K [0x00000000f5580000, 0x0000000100000000, 0x0000000100000000)
  eden space 58880K, 0% used [0x00000000f5580000,0x00000000f5580000,0x00000000f8f00000)
  from space 57856K, 16% used [0x00000000fc780000,0x00000000fd0ca8f0,0x0000000100000000)
  to   space 57856K, 0% used [0x00000000f8f00000,0x00000000f8f00000,0x00000000fc780000)
 ParOldGen       total 142336K, used 66539K [0x00000000e0000000, 0x00000000e8b00000, 0x00000000f5580000)
  object space 142336K, 46% used [0x00000000e0000000,0x00000000e40fafd0,0x00000000e8b00000)
 Metaspace       used 76304K, capacity 85804K, committed 86144K, reserved 1124352K
  class space    used 8751K, capacity 11559K, committed 11648K, reserved 1048576K
}
Event: 54.309 GC heap before
{Heap before GC invocations=50 (full 8):
 PSYoungGen      total 116736K, used 9514K [0x00000000f5580000, 0x0000000100000000, 0x0000000100000000)
  eden space 58880K, 0% used [0x00000000f5580000,0x00000000f5580000,0x00000000f8f00000)
  from space 57856K, 16% used [0x00000000fc780000,0x00000000fd0ca8f0,0x0000000100000000)
  to   space 57856K, 0% used [0x00000000f8f00000,0x00000000f8f00000,0x00000000fc780000)
 ParOldGen       total 142336K, used 66539K [0x00000000e0000000, 0x00000000e8b00000, 0x00000000f5580000)
  object space 142336K, 46% used [0x00000000e0000000,0x00000000e40fafd0,0x00000000e8b00000)
 Metaspace       used 76304K, capacity 85804K, committed 86144K, reserved 1124352K
  class space    used 8751K, capacity 11559K, committed 11648K, reserved 1048576K
Event: 54.623 GC heap after
Heap after GC invocations=50 (full 8):
 PSYoungGen      total 116736K, used 0K [0x00000000f5580000, 0x0000000100000000, 0x0000000100000000)
  eden space 58880K, 0% used [0x00000000f5580000,0x00000000f5580000,0x00000000f8f00000)
  from space 57856K, 0% used [0x00000000fc780000,0x00000000fc780000,0x0000000100000000)
  to   space 57856K, 0% used [0x00000000f8f00000,0x00000000f8f00000,0x00000000fc780000)
 ParOldGen       total 142336K, used 72583K [0x00000000e0000000, 0x00000000e8b00000, 0x00000000f5580000)
  object space 142336K, 50% used [0x00000000e0000000,0x00000000e46e1d40,0x00000000e8b00000)
 Metaspace       used 76304K, capacity 85804K, committed 86144K, reserved 1124352K
  class space    used 8751K, capacity 11559K, committed 11648K, reserved 1048576K
}

